time=2025-06-13T18:12:57.950-07:00 level=INFO msg="checking for pulumi" path="/Users/soleil/Library/Application Support/sst/bin/pulumi"
time=2025-06-13T18:12:58.737-07:00 level=INFO msg="checking for bun" path="/Users/soleil/Library/Application Support/sst/bin/bun"
time=2025-06-13T18:12:58.764-07:00 level=INFO msg="initializing project" version=3.17.5
time=2025-06-13T18:12:58.766-07:00 level=INFO msg="esbuild building" out=/Users/soleil/dev/solstice/.sst/platform/sst.config.1749863578765.mjs
time=2025-06-13T18:12:58.781-07:00 level=INFO msg="esbuild built" outfile=/Users/soleil/dev/solstice/.sst/platform/sst.config.1749863578765.mjs
time=2025-06-13T18:12:58.782-07:00 level=INFO msg="evaluating config"
time=2025-06-13T18:12:58.862-07:00 level=INFO msg="config evaluated"
time=2025-06-13T18:12:58.864-07:00 level=INFO msg="checking platform"
time=2025-06-13T18:12:58.865-07:00 level=INFO msg="loading home"
time=2025-06-13T18:13:00.425-07:00 level=INFO msg="aws credentials found" region=us-east-2 profile=soleil-dev
time=2025-06-13T18:13:00.425-07:00 level=INFO msg="fetching bootstrap"
time=2025-06-13T18:13:00.751-07:00 level=INFO msg="found existing bootstrap" data="{\"version\":5,\"asset\":\"sst-asset-wecauohotkww\",\"assetEcrRegistryId\":\"267224240296\",\"assetEcrUrl\":\"267224240296.dkr.ecr.us-east-2.amazonaws.com/sst-asset\",\"state\":\"sst-state-wecauohotkww\",\"appsyncHttp\":\"\",\"appsyncRealtime\":\"\"}"
time=2025-06-13T18:13:00.751-07:00 level=INFO msg="loaded config" app=solstice stage=soleil
time=2025-06-13T18:13:00.752-07:00 level=INFO msg=mosaic project=/Users/soleil/dev/solstice
time=2025-06-13T18:13:00.753-07:00 level=INFO msg="server port assigned" port=13557
time=2025-06-13T18:13:00.753-07:00 level=INFO msg="starting watcher" service=watcher root=/Users/soleil/dev/solstice
time=2025-06-13T18:13:00.754-07:00 level=INFO msg=starting service=server
time=2025-06-13T18:13:00.754-07:00 level=INFO msg=starting service=deployer
time=2025-06-13T18:13:00.754-07:00 level=INFO msg="getting endpoint"
time=2025-06-13T18:13:00.754-07:00 level=INFO msg="waiting for trigger" service=deployer
time=2025-06-13T18:13:00.754-07:00 level=INFO msg=starting service=dev
time=2025-06-13T18:13:00.755-07:00 level=INFO msg=server service=server addr=0.0.0.0:13557
time=2025-06-13T18:13:00.755-07:00 level=INFO msg=watching service=watcher path=/Users/soleil/dev/solstice
time=2025-06-13T18:13:00.759-07:00 level=INFO msg=resize
time=2025-06-13T18:13:00.761-07:00 level=INFO msg=watching service=watcher path=/Users/soleil/dev/solstice/public
time=2025-06-13T18:13:00.761-07:00 level=INFO msg=watching service=watcher path=/Users/soleil/dev/solstice/src
time=2025-06-13T18:13:00.763-07:00 level=INFO msg=watching service=watcher path=/Users/soleil/dev/solstice/src/components
time=2025-06-13T18:13:00.763-07:00 level=INFO msg=watching service=watcher path=/Users/soleil/dev/solstice/src/components/ui
time=2025-06-13T18:13:00.764-07:00 level=INFO msg=watching service=watcher path=/Users/soleil/dev/solstice/src/lib
time=2025-06-13T18:13:00.765-07:00 level=INFO msg=watching service=watcher path=/Users/soleil/dev/solstice/src/lib/auth
time=2025-06-13T18:13:00.765-07:00 level=INFO msg=watching service=watcher path=/Users/soleil/dev/solstice/src/lib/auth/functions
time=2025-06-13T18:13:00.765-07:00 level=INFO msg=watching service=watcher path=/Users/soleil/dev/solstice/src/lib/auth/middleware
time=2025-06-13T18:13:00.765-07:00 level=INFO msg=watching service=watcher path=/Users/soleil/dev/solstice/src/lib/db
time=2025-06-13T18:13:00.766-07:00 level=INFO msg=watching service=watcher path=/Users/soleil/dev/solstice/src/lib/db/schema
time=2025-06-13T18:13:00.766-07:00 level=INFO msg=watching service=watcher path=/Users/soleil/dev/solstice/src/lib/server
time=2025-06-13T18:13:00.766-07:00 level=INFO msg=watching service=watcher path=/Users/soleil/dev/solstice/src/lib/server/schema
time=2025-06-13T18:13:00.767-07:00 level=INFO msg=watching service=watcher path=/Users/soleil/dev/solstice/src/routes
time=2025-06-13T18:13:00.768-07:00 level=INFO msg=watching service=watcher path=/Users/soleil/dev/solstice/src/routes/(auth)
time=2025-06-13T18:13:00.768-07:00 level=INFO msg=watching service=watcher path=/Users/soleil/dev/solstice/src/routes/api
time=2025-06-13T18:13:00.768-07:00 level=INFO msg=watching service=watcher path=/Users/soleil/dev/solstice/src/routes/api/auth
time=2025-06-13T18:13:00.769-07:00 level=INFO msg=watching service=watcher path=/Users/soleil/dev/solstice/src/routes/dashboard
time=2025-06-13T18:13:01.321-07:00 level=INFO msg=subscribed service=dev addr=[::1]:62955
time=2025-06-13T18:13:01.326-07:00 level=INFO msg=subscribed service=dev addr=[::1]:62958
time=2025-06-13T18:13:01.328-07:00 level=INFO msg="deploy requested" service=dev
time=2025-06-13T18:13:01.328-07:00 level=INFO msg=deploying service=deployer
time=2025-06-13T18:13:01.328-07:00 level=INFO msg="running stack command" service=project.run cmd=deploy
time=2025-06-13T18:13:01.328-07:00 level=INFO msg="INFO locking app=solstice stage=soleil"
time=2025-06-13T18:13:01.328-07:00 level=INFO msg="INFO getting data key=lock app=solstice stage=soleil"
time=2025-06-13T18:13:01.500-07:00 level=INFO msg="found appsync" rest=dioydslhx5cpvmldzpbjaoevtu.appsync-api.us-east-2.amazonaws.com realtime=dioydslhx5cpvmldzpbjaoevtu.appsync-realtime-api.us-east-2.amazonaws.com
time=2025-06-13T18:13:01.503-07:00 level=INFO msg="checking if appsync is ready"
time=2025-06-13T18:13:01.794-07:00 level=INFO msg="INFO connecting service=appsync.connection"
time=2025-06-13T18:13:01.877-07:00 level=INFO msg="INFO putting update app=solstice stage=soleil"
time=2025-06-13T18:13:02.122-07:00 level=INFO msg="INFO getting passphrase app=solstice stage=soleil"
time=2025-06-13T18:13:02.227-07:00 level=INFO msg="INFO connect message service=appsync.connection msg=\"map[connectionTimeoutMs:300000 type:connection_ack]\""
time=2025-06-13T18:13:02.228-07:00 level=INFO msg="subscribing to" prefix=/sst/solstice/soleil/in
time=2025-06-13T18:13:02.228-07:00 level=INFO msg="INFO msg service=appsync.connection type=ka id=<nil>"
time=2025-06-13T18:13:02.381-07:00 level=INFO msg="INFO msg service=appsync.connection type=subscribe_success id=01976bff4a14c4122ec998e1"
time=2025-06-13T18:13:02.381-07:00 level=INFO msg="INFO subscribed service=appsync.connection channel=/sst/solstice/soleil/in id=01976bff4a14c4122ec998e1"
time=2025-06-13T18:13:02.381-07:00 level=INFO msg=starting service=aws.task
time=2025-06-13T18:13:02.458-07:00 level=INFO msg="INFO pulling state app=solstice stage=soleil out=/Users/soleil/dev/solstice/.sst/pulumi/fe689400b96f3803f04479f0/.pulumi/stacks/solstice/soleil.json"
time=2025-06-13T18:13:03.586-07:00 level=INFO msg="got previous deployment" service=project.run updateID=fe689400b96f3803f04479f0
time=2025-06-13T18:13:03.586-07:00 level=INFO msg="esbuild building" out=/Users/soleil/dev/solstice/.sst/platform/sst.config.1749863582456.mjs
time=2025-06-13T18:13:03.677-07:00 level=INFO msg="esbuild built" outfile=/Users/soleil/dev/solstice/.sst/platform/sst.config.1749863582456.mjs
time=2025-06-13T18:13:03.687-07:00 level=INFO msg="built sst.config.ts" service=project.run updateID=fe689400b96f3803f04479f0 to=/Users/soleil/dev/solstice/.sst/platform/sst.config.1749863582456.mjs
time=2025-06-13T18:13:03.694-07:00 level=INFO msg="tracked files" service=project.run updateID=fe689400b96f3803f04479f0
time=2025-06-13T18:13:03.694-07:00 level=INFO msg="INFO getting data key=secret app=solstice stage=_fallback"
time=2025-06-13T18:13:03.694-07:00 level=INFO msg="INFO getting data key=secret app=solstice stage=soleil"
time=2025-06-13T18:13:03.980-07:00 level=INFO msg="INFO getting passphrase app=solstice stage=soleil"
time=2025-06-13T18:13:04.176-07:00 level=INFO msg=subscribed service=dev addr=[::1]:62980
time=2025-06-13T18:13:04.177-07:00 level=INFO msg=subscribed service=dev addr=[::1]:62983
time=2025-06-13T18:13:04.180-07:00 level=INFO msg="matching dev" service=dev full=/Users/soleil/dev/solstice directory=""
time=2025-06-13T18:13:04.180-07:00 level=INFO msg="matching dev" service=dev full=/Users/soleil/dev/solstice directory=""
time=2025-06-13T18:13:04.181-07:00 level=INFO msg="matching dev" service=dev full=/Users/soleil/dev/solstice directory=""
time=2025-06-13T18:13:04.181-07:00 level=INFO msg="loading aws credentials" service=project.env resource=MyWeb role=arn:aws:iam::267224240296:role/solstice-soleil-MyWebDevServerRole-bccwkufd
time=2025-06-13T18:13:04.181-07:00 level=INFO msg=dev service=project.env resource=SolsticeDBV2Dev links=[]
time=2025-06-13T18:13:04.315-07:00 level=INFO msg="starting pulumi" service=project.run updateID=fe689400b96f3803f04479f0 args="[/Users/soleil/Library/Application Support/sst/bin/pulumi up --yes -f --stack organization/solstice/soleil --non-interactive --event-log /Users/soleil/dev/solstice/.sst/pulumi/fe689400b96f3803f04479f0/eventlog.json --config aws:region=us-east-2 --config aws:defaultTags={\"tags\":{\"sst:app\":\"solstice\",\"sst:stage\":\"soleil\"}}]"
time=2025-06-13T18:13:04.524-07:00 level=INFO msg=dev service=project.env resource=MyWeb links=[SolsticeDBV2]
time=2025-06-13T18:13:05.188-07:00 level=INFO msg="ignoring file event" service=watcher path=/Users/soleil/dev/solstice/README.md op=CHMOD
time=2025-06-13T18:13:05.188-07:00 level=INFO msg="ignoring file event" service=watcher path=/Users/soleil/dev/solstice/package.json op=CHMOD
time=2025-06-13T18:13:05.189-07:00 level=INFO msg="ignoring file event" service=watcher path=/Users/soleil/dev/solstice/sst-env.d.ts op=CHMOD
time=2025-06-13T18:13:05.191-07:00 level=INFO msg="ignoring file event" service=watcher path=/Users/soleil/dev/solstice/sst.config.ts op=CHMOD
time=2025-06-13T18:13:05.191-07:00 level=INFO msg="ignoring file event" service=watcher path=/Users/soleil/dev/solstice/tsconfig.json op=CHMOD
time=2025-06-13T18:13:05.191-07:00 level=INFO msg="ignoring file event" service=watcher path=/Users/soleil/dev/solstice/vite.config.ts op=CHMOD
time=2025-06-13T18:13:05.642-07:00 level=INFO msg=subscribed service=dev addr=[::1]:62994
time=2025-06-13T18:13:05.666-07:00 level=INFO msg="matching dev" service=dev full=/Users/soleil/dev/solstice directory=""
time=2025-06-13T18:13:05.666-07:00 level=INFO msg="loading aws credentials" service=project.env resource=MyWeb role=arn:aws:iam::267224240296:role/solstice-soleil-MyWebDevServerRole-bccwkufd
time=2025-06-13T18:13:05.982-07:00 level=INFO msg=dev service=project.env resource=MyWeb links=[SolsticeDBV2]
time=2025-06-13T18:13:06.882-07:00 level=INFO msg=subscribed service=dev addr=[::1]:63005
time=2025-06-13T18:13:06.886-07:00 level=INFO msg="matching dev" service=dev full=/Users/soleil/dev/solstice directory=""
time=2025-06-13T18:13:06.886-07:00 level=INFO msg="loading aws credentials" service=project.env resource=MyWeb role=arn:aws:iam::267224240296:role/solstice-soleil-MyWebDevServerRole-bccwkufd
time=2025-06-13T18:13:07.220-07:00 level=INFO msg=dev service=project.env resource=MyWeb links=[SolsticeDBV2]
time=2025-06-13T18:13:08.023-07:00 level=INFO msg=subscribed service=dev addr=[::1]:63010
time=2025-06-13T18:13:08.028-07:00 level=INFO msg="matching dev" service=dev full=/Users/soleil/dev/solstice directory=""
time=2025-06-13T18:13:08.028-07:00 level=INFO msg="loading aws credentials" service=project.env resource=MyWeb role=arn:aws:iam::267224240296:role/solstice-soleil-MyWebDevServerRole-bccwkufd
time=2025-06-13T18:13:08.363-07:00 level=INFO msg=dev service=project.env resource=MyWeb links=[SolsticeDBV2]
time=2025-06-13T18:13:09.283-07:00 level=INFO msg=subscribed service=dev addr=[::1]:63023
time=2025-06-13T18:13:09.287-07:00 level=INFO msg="matching dev" service=dev full=/Users/soleil/dev/solstice directory=""
time=2025-06-13T18:13:09.287-07:00 level=INFO msg="loading aws credentials" service=project.env resource=MyWeb role=arn:aws:iam::267224240296:role/solstice-soleil-MyWebDevServerRole-bccwkufd
time=2025-06-13T18:13:09.316-07:00 level=INFO msg="INFO pushing partial state updateID=fe689400b96f3803f04479f0"
time=2025-06-13T18:13:09.595-07:00 level=INFO msg=dev service=project.env resource=MyWeb links=[SolsticeDBV2]
time=2025-06-13T18:13:10.253-07:00 level=INFO msg="ignoring file event" service=watcher path=/Users/soleil/dev/solstice/README.md op=CHMOD
time=2025-06-13T18:13:10.254-07:00 level=INFO msg="ignoring file event" service=watcher path=/Users/soleil/dev/solstice/package.json op=CHMOD
time=2025-06-13T18:13:10.254-07:00 level=INFO msg="ignoring file event" service=watcher path=/Users/soleil/dev/solstice/sst-env.d.ts op=CHMOD
time=2025-06-13T18:13:10.254-07:00 level=INFO msg="ignoring file event" service=watcher path=/Users/soleil/dev/solstice/sst.config.ts op=CHMOD
time=2025-06-13T18:13:10.254-07:00 level=INFO msg="ignoring file event" service=watcher path=/Users/soleil/dev/solstice/tsconfig.json op=CHMOD
time=2025-06-13T18:13:10.254-07:00 level=INFO msg="ignoring file event" service=watcher path=/Users/soleil/dev/solstice/vite.config.ts op=CHMOD
time=2025-06-13T18:13:10.497-07:00 level=INFO msg=subscribed service=dev addr=[::1]:63034
time=2025-06-13T18:13:10.502-07:00 level=INFO msg="matching dev" service=dev full=/Users/soleil/dev/solstice directory=""
time=2025-06-13T18:13:10.502-07:00 level=INFO msg="loading aws credentials" service=project.env resource=MyWeb role=arn:aws:iam::267224240296:role/solstice-soleil-MyWebDevServerRole-bccwkufd
time=2025-06-13T18:13:10.818-07:00 level=INFO msg=dev service=project.env resource=MyWeb links=[SolsticeDBV2]
time=2025-06-13T18:13:11.712-07:00 level=INFO msg=subscribed service=dev addr=[::1]:63040
time=2025-06-13T18:13:11.739-07:00 level=INFO msg="matching dev" service=dev full=/Users/soleil/dev/solstice directory=""
time=2025-06-13T18:13:11.739-07:00 level=INFO msg="loading aws credentials" service=project.env resource=MyWeb role=arn:aws:iam::267224240296:role/solstice-soleil-MyWebDevServerRole-bccwkufd
time=2025-06-13T18:13:12.081-07:00 level=INFO msg=dev service=project.env resource=MyWeb links=[SolsticeDBV2]
time=2025-06-13T18:13:13.019-07:00 level=INFO msg=subscribed service=dev addr=[::1]:63046
time=2025-06-13T18:13:13.023-07:00 level=INFO msg="matching dev" service=dev full=/Users/soleil/dev/solstice directory=""
time=2025-06-13T18:13:13.023-07:00 level=INFO msg="loading aws credentials" service=project.env resource=MyWeb role=arn:aws:iam::267224240296:role/solstice-soleil-MyWebDevServerRole-bccwkufd
time=2025-06-13T18:13:13.343-07:00 level=INFO msg=dev service=project.env resource=MyWeb links=[SolsticeDBV2]
time=2025-06-13T18:13:13.733-07:00 level=INFO msg="socket upgrading" service=socket addr=[::1]:63049
time=2025-06-13T18:13:13.734-07:00 level=INFO msg="socket connected" service=socket addr=[::1]:63049
time=2025-06-13T18:13:13.734-07:00 level=INFO msg="sending invocations" service=socket count=0
time=2025-06-13T18:13:14.293-07:00 level=INFO msg=subscribed service=dev addr=[::1]:63054
time=2025-06-13T18:13:14.296-07:00 level=INFO msg="matching dev" service=dev full=/Users/soleil/dev/solstice directory=""
time=2025-06-13T18:13:14.297-07:00 level=INFO msg="loading aws credentials" service=project.env resource=MyWeb role=arn:aws:iam::267224240296:role/solstice-soleil-MyWebDevServerRole-bccwkufd
time=2025-06-13T18:13:14.616-07:00 level=INFO msg=dev service=project.env resource=MyWeb links=[SolsticeDBV2]
time=2025-06-13T18:13:15.727-07:00 level=INFO msg=subscribed service=dev addr=[::1]:63062
time=2025-06-13T18:13:15.732-07:00 level=INFO msg="matching dev" service=dev full=/Users/soleil/dev/solstice directory=""
time=2025-06-13T18:13:15.732-07:00 level=INFO msg="loading aws credentials" service=project.env resource=MyWeb role=arn:aws:iam::267224240296:role/solstice-soleil-MyWebDevServerRole-bccwkufd
time=2025-06-13T18:13:16.042-07:00 level=INFO msg=dev service=project.env resource=MyWeb links=[SolsticeDBV2]
time=2025-06-13T18:13:17.126-07:00 level=INFO msg=subscribed service=dev addr=[::1]:63072
time=2025-06-13T18:13:17.130-07:00 level=INFO msg="matching dev" service=dev full=/Users/soleil/dev/solstice directory=""
time=2025-06-13T18:13:17.130-07:00 level=INFO msg="loading aws credentials" service=project.env resource=MyWeb role=arn:aws:iam::267224240296:role/solstice-soleil-MyWebDevServerRole-bccwkufd
time=2025-06-13T18:13:17.446-07:00 level=INFO msg=dev service=project.env resource=MyWeb links=[SolsticeDBV2]
time=2025-06-13T18:13:18.304-07:00 level=INFO msg=subscribed service=dev addr=[::1]:63086
time=2025-06-13T18:13:18.310-07:00 level=INFO msg="matching dev" service=dev full=/Users/soleil/dev/solstice directory=""
time=2025-06-13T18:13:18.311-07:00 level=INFO msg="loading aws credentials" service=project.env resource=MyWeb role=arn:aws:iam::267224240296:role/solstice-soleil-MyWebDevServerRole-bccwkufd
time=2025-06-13T18:13:18.314-07:00 level=INFO msg="rpc request" method=POST url=/rpc
time=2025-06-13T18:13:18.324-07:00 level=INFO msg="rpc request" method=POST url=/rpc
time=2025-06-13T18:13:18.325-07:00 level=INFO msg="building function" runtime=nodejs20.x functionID=MyWebDevServer
time=2025-06-13T18:13:18.326-07:00 level=INFO msg="function built" runtime=nodejs20.x functionID=MyWebDevServer
time=2025-06-13T18:13:18.446-07:00 level=INFO msg="rpc request" method=POST url=/rpc
time=2025-06-13T18:13:18.634-07:00 level=INFO msg=dev service=project.env resource=MyWeb links=[SolsticeDBV2]
time=2025-06-13T18:13:19.069-07:00 level=INFO msg="pulumi exited" service=project.run updateID=fe689400b96f3803f04479f0 err=<nil>
time=2025-06-13T18:13:19.070-07:00 level=INFO msg="eof and exited" service=project.run updateID=fe689400b96f3803f04479f0 eofs=0
time=2025-06-13T18:13:19.070-07:00 level=INFO msg="eof and exited" service=project.run updateID=fe689400b96f3803f04479f0 eofs=1
time=2025-06-13T18:13:19.070-07:00 level=INFO msg="breaking out of tail loop" service=project.run updateID=fe689400b96f3803f04479f0
time=2025-06-13T18:13:19.070-07:00 level=INFO msg="parsing state" service=project.run updateID=fe689400b96f3803f04479f0
time=2025-06-13T18:13:19.709-07:00 level=INFO msg=subscribed service=dev addr=[::1]:63095
time=2025-06-13T18:13:19.714-07:00 level=INFO msg="matching dev" service=dev full=/Users/soleil/dev/solstice directory=""
time=2025-06-13T18:13:19.714-07:00 level=INFO msg="loading aws credentials" service=project.env resource=MyWeb role=arn:aws:iam::267224240296:role/solstice-soleil-MyWebDevServerRole-bccwkufd
time=2025-06-13T18:13:19.771-07:00 level=INFO msg="generating types" root=/Users/soleil/dev/solstice
time=2025-06-13T18:13:19.777-07:00 level=INFO msg="ignoring file event" service=watcher path=/Users/soleil/dev/solstice/sst-env.d.ts op=CHMOD
time=2025-06-13T18:13:19.777-07:00 level=INFO msg="file event" service=watcher path=/Users/soleil/dev/solstice/sst-env.d.ts op=WRITE
time=2025-06-13T18:13:19.777-07:00 level=INFO msg="file event" service=watcher path=/Users/soleil/dev/solstice/sst-env.d.ts op=WRITE
time=2025-06-13T18:13:19.777-07:00 level=INFO msg="checking if code needs to be rebuilt" service=aws.function file=/Users/soleil/dev/solstice/sst-env.d.ts
time=2025-06-13T18:13:19.777-07:00 level=INFO msg="file event" service=watcher path=/Users/soleil/dev/solstice/sst-env.d.ts op=WRITE
time=2025-06-13T18:13:19.779-07:00 level=INFO msg="canceling partial" service=project.run updateID=fe689400b96f3803f04479f0
time=2025-06-13T18:13:19.779-07:00 level=INFO msg="waiting for partial to exit" service=project.run updateID=fe689400b96f3803f04479f0
time=2025-06-13T18:13:19.780-07:00 level=INFO msg="INFO pushing partial state updateID=fe689400b96f3803f04479f0"
time=2025-06-13T18:13:19.780-07:00 level=INFO msg="INFO pushing snapshot updateID=fe689400b96f3803f04479f0"
time=2025-06-13T18:13:19.780-07:00 level=INFO msg="INFO pushing eventlog updateID=fe689400b96f3803f04479f0"
time=2025-06-13T18:13:20.034-07:00 level=INFO msg=dev service=project.env resource=MyWeb links=[SolsticeDBV2]
time=2025-06-13T18:13:20.315-07:00 level=INFO msg="INFO putting update app=solstice stage=soleil"
time=2025-06-13T18:13:20.575-07:00 level=INFO msg="done running stack command" service=project.run updateID=fe689400b96f3803f04479f0 resources=34
time=2025-06-13T18:13:20.581-07:00 level=INFO msg="matching dev" service=dev full=/Users/soleil/dev/solstice directory=""
time=2025-06-13T18:13:20.581-07:00 level=INFO msg="matching dev" service=dev full=/Users/soleil/dev/solstice directory=""
time=2025-06-13T18:13:20.581-07:00 level=INFO msg="loading aws credentials" service=project.env resource=MyWeb role=arn:aws:iam::267224240296:role/solstice-soleil-MyWebDevServerRole-bccwkufd
time=2025-06-13T18:13:20.582-07:00 level=INFO msg="matching dev" service=dev full=/Users/soleil/dev/solstice directory=""
time=2025-06-13T18:13:20.582-07:00 level=INFO msg="loading aws credentials" service=project.env resource=MyWeb role=arn:aws:iam::267224240296:role/solstice-soleil-MyWebDevServerRole-bccwkufd
time=2025-06-13T18:13:20.582-07:00 level=INFO msg="matching dev" service=dev full=/Users/soleil/dev/solstice directory=""
time=2025-06-13T18:13:20.582-07:00 level=INFO msg="matching dev" service=dev full=/Users/soleil/dev/solstice directory=""
time=2025-06-13T18:13:20.582-07:00 level=INFO msg="loading aws credentials" service=project.env resource=MyWeb role=arn:aws:iam::267224240296:role/solstice-soleil-MyWebDevServerRole-bccwkufd
time=2025-06-13T18:13:20.582-07:00 level=INFO msg="matching dev" service=dev full=/Users/soleil/dev/solstice directory=""
time=2025-06-13T18:13:20.582-07:00 level=INFO msg="matching dev" service=dev full=/Users/soleil/dev/solstice directory=""
time=2025-06-13T18:13:20.582-07:00 level=INFO msg="loading aws credentials" service=project.env resource=MyWeb role=arn:aws:iam::267224240296:role/solstice-soleil-MyWebDevServerRole-bccwkufd
time=2025-06-13T18:13:20.582-07:00 level=INFO msg="matching dev" service=dev full=/Users/soleil/dev/solstice directory=""
time=2025-06-13T18:13:20.583-07:00 level=INFO msg="matching dev" service=dev full=/Users/soleil/dev/solstice directory=""
time=2025-06-13T18:13:20.583-07:00 level=INFO msg="loading aws credentials" service=project.env resource=MyWeb role=arn:aws:iam::267224240296:role/solstice-soleil-MyWebDevServerRole-bccwkufd
time=2025-06-13T18:13:20.583-07:00 level=INFO msg="matching dev" service=dev full=/Users/soleil/dev/solstice directory=""
time=2025-06-13T18:13:20.583-07:00 level=INFO msg="matching dev" service=dev full=/Users/soleil/dev/solstice directory=""
time=2025-06-13T18:13:20.583-07:00 level=INFO msg="loading aws credentials" service=project.env resource=MyWeb role=arn:aws:iam::267224240296:role/solstice-soleil-MyWebDevServerRole-bccwkufd
time=2025-06-13T18:13:20.583-07:00 level=INFO msg="matching dev" service=dev full=/Users/soleil/dev/solstice directory=""
time=2025-06-13T18:13:20.583-07:00 level=INFO msg="loading aws credentials" service=project.env resource=MyWeb role=arn:aws:iam::267224240296:role/solstice-soleil-MyWebDevServerRole-bccwkufd
time=2025-06-13T18:13:20.583-07:00 level=INFO msg="matching dev" service=dev full=/Users/soleil/dev/solstice directory=""
time=2025-06-13T18:13:20.583-07:00 level=INFO msg="loading aws credentials" service=project.env resource=MyWeb role=arn:aws:iam::267224240296:role/solstice-soleil-MyWebDevServerRole-bccwkufd
time=2025-06-13T18:13:20.583-07:00 level=INFO msg="matching dev" service=dev full=/Users/soleil/dev/solstice directory=""
time=2025-06-13T18:13:20.583-07:00 level=INFO msg=dev service=project.env resource=SolsticeDBV2Dev links=[]
time=2025-06-13T18:13:20.583-07:00 level=INFO msg="matching dev" service=dev full=/Users/soleil/dev/solstice directory=""
time=2025-06-13T18:13:20.583-07:00 level=INFO msg="matching dev" service=dev full=/Users/soleil/dev/solstice directory=""
time=2025-06-13T18:13:20.583-07:00 level=INFO msg="loading aws credentials" service=project.env resource=MyWeb role=arn:aws:iam::267224240296:role/solstice-soleil-MyWebDevServerRole-bccwkufd
time=2025-06-13T18:13:20.584-07:00 level=INFO msg="matching dev" service=dev full=/Users/soleil/dev/solstice directory=""
time=2025-06-13T18:13:20.584-07:00 level=INFO msg="matching dev" service=dev full=/Users/soleil/dev/solstice directory=""
time=2025-06-13T18:13:20.584-07:00 level=INFO msg="loading aws credentials" service=project.env resource=MyWeb role=arn:aws:iam::267224240296:role/solstice-soleil-MyWebDevServerRole-bccwkufd
time=2025-06-13T18:13:20.584-07:00 level=INFO msg="matching dev" service=dev full=/Users/soleil/dev/solstice directory=""
time=2025-06-13T18:13:20.584-07:00 level=INFO msg="matching dev" service=dev full=/Users/soleil/dev/solstice directory=""
time=2025-06-13T18:13:20.584-07:00 level=INFO msg="loading aws credentials" service=project.env resource=MyWeb role=arn:aws:iam::267224240296:role/solstice-soleil-MyWebDevServerRole-bccwkufd
time=2025-06-13T18:13:20.584-07:00 level=INFO msg="matching dev" service=dev full=/Users/soleil/dev/solstice directory=""
time=2025-06-13T18:13:20.584-07:00 level=INFO msg="matching dev" service=dev full=/Users/soleil/dev/solstice directory=""
time=2025-06-13T18:13:20.584-07:00 level=INFO msg="loading aws credentials" service=project.env resource=MyWeb role=arn:aws:iam::267224240296:role/solstice-soleil-MyWebDevServerRole-bccwkufd
time=2025-06-13T18:13:20.584-07:00 level=INFO msg="matching dev" service=dev full=/Users/soleil/dev/solstice directory=""
time=2025-06-13T18:13:20.585-07:00 level=INFO msg="matching dev" service=dev full=/Users/soleil/dev/solstice directory=""
time=2025-06-13T18:13:20.585-07:00 level=INFO msg="loading aws credentials" service=project.env resource=MyWeb role=arn:aws:iam::267224240296:role/solstice-soleil-MyWebDevServerRole-bccwkufd
time=2025-06-13T18:13:20.587-07:00 level=INFO msg="INFO unlocking app=solstice stage=soleil"
time=2025-06-13T18:13:20.842-07:00 level=INFO msg="waiting for trigger" service=deployer
time=2025-06-13T18:13:20.842-07:00 level=INFO msg="build hash" service=deployer hash=qjiEatXhdnI
time=2025-06-13T18:13:20.842-07:00 level=INFO msg="waiting for trigger" service=deployer
time=2025-06-13T18:13:20.842-07:00 level=INFO msg="waiting for trigger" service=deployer
time=2025-06-13T18:13:20.895-07:00 level=INFO msg=dev service=project.env resource=MyWeb links=[SolsticeDBV2]
time=2025-06-13T18:13:20.901-07:00 level=INFO msg=dev service=project.env resource=MyWeb links=[SolsticeDBV2]
time=2025-06-13T18:13:20.905-07:00 level=INFO msg=dev service=project.env resource=MyWeb links=[SolsticeDBV2]
time=2025-06-13T18:13:20.906-07:00 level=INFO msg=dev service=project.env resource=MyWeb links=[SolsticeDBV2]
time=2025-06-13T18:13:20.908-07:00 level=INFO msg=dev service=project.env resource=MyWeb links=[SolsticeDBV2]
time=2025-06-13T18:13:20.914-07:00 level=INFO msg=dev service=project.env resource=MyWeb links=[SolsticeDBV2]
time=2025-06-13T18:13:20.915-07:00 level=INFO msg=dev service=project.env resource=MyWeb links=[SolsticeDBV2]
time=2025-06-13T18:13:20.921-07:00 level=INFO msg=dev service=project.env resource=MyWeb links=[SolsticeDBV2]
time=2025-06-13T18:13:20.922-07:00 level=INFO msg=dev service=project.env resource=MyWeb links=[SolsticeDBV2]
time=2025-06-13T18:13:20.924-07:00 level=INFO msg=dev service=project.env resource=MyWeb links=[SolsticeDBV2]
time=2025-06-13T18:13:20.925-07:00 level=INFO msg=dev service=project.env resource=MyWeb links=[SolsticeDBV2]
time=2025-06-13T18:13:20.926-07:00 level=INFO msg=dev service=project.env resource=MyWeb links=[SolsticeDBV2]
time=2025-06-13T18:13:20.934-07:00 level=INFO msg=dev service=project.env resource=MyWeb links=[SolsticeDBV2]
time=2025-06-13T18:13:20.987-07:00 level=INFO msg=subscribed service=dev addr=[::1]:63119
time=2025-06-13T18:13:20.992-07:00 level=INFO msg="matching dev" service=dev full=/Users/soleil/dev/solstice directory=""
time=2025-06-13T18:13:20.992-07:00 level=INFO msg="matching dev" service=dev full=/Users/soleil/dev/solstice directory=""
time=2025-06-13T18:13:20.992-07:00 level=INFO msg="loading aws credentials" service=project.env resource=MyWeb role=arn:aws:iam::267224240296:role/solstice-soleil-MyWebDevServerRole-bccwkufd
time=2025-06-13T18:13:21.321-07:00 level=INFO msg=dev service=project.env resource=MyWeb links=[SolsticeDBV2]
time=2025-06-13T18:13:21.709-07:00 level=INFO msg="ignoring file event" service=watcher path=/Users/soleil/dev/solstice/sst-env.d.ts op=CHMOD
time=2025-06-13T18:13:21.964-07:00 level=INFO msg="ignoring file event" service=watcher path=/Users/soleil/dev/solstice/README.md op=CHMOD
time=2025-06-13T18:13:21.964-07:00 level=INFO msg="ignoring file event" service=watcher path=/Users/soleil/dev/solstice/package.json op=CHMOD
time=2025-06-13T18:13:21.964-07:00 level=INFO msg="ignoring file event" service=watcher path=/Users/soleil/dev/solstice/sst-env.d.ts op=CHMOD
time=2025-06-13T18:13:21.965-07:00 level=INFO msg="ignoring file event" service=watcher path=/Users/soleil/dev/solstice/sst.config.ts op=CHMOD
time=2025-06-13T18:13:21.965-07:00 level=INFO msg="ignoring file event" service=watcher path=/Users/soleil/dev/solstice/tsconfig.json op=CHMOD
time=2025-06-13T18:13:21.965-07:00 level=INFO msg="ignoring file event" service=watcher path=/Users/soleil/dev/solstice/vite.config.ts op=CHMOD
time=2025-06-13T18:13:22.240-07:00 level=INFO msg=subscribed service=dev addr=[::1]:63125
time=2025-06-13T18:13:22.245-07:00 level=INFO msg="matching dev" service=dev full=/Users/soleil/dev/solstice directory=""
time=2025-06-13T18:13:22.245-07:00 level=INFO msg="matching dev" service=dev full=/Users/soleil/dev/solstice directory=""
time=2025-06-13T18:13:22.245-07:00 level=INFO msg="loading aws credentials" service=project.env resource=MyWeb role=arn:aws:iam::267224240296:role/solstice-soleil-MyWebDevServerRole-bccwkufd
time=2025-06-13T18:13:22.544-07:00 level=INFO msg=dev service=project.env resource=MyWeb links=[SolsticeDBV2]
time=2025-06-13T18:13:23.518-07:00 level=INFO msg=subscribed service=dev addr=[::1]:63131
time=2025-06-13T18:13:23.523-07:00 level=INFO msg="matching dev" service=dev full=/Users/soleil/dev/solstice directory=""
time=2025-06-13T18:13:23.523-07:00 level=INFO msg="loading aws credentials" service=project.env resource=MyWeb role=arn:aws:iam::267224240296:role/solstice-soleil-MyWebDevServerRole-bccwkufd
time=2025-06-13T18:13:23.847-07:00 level=INFO msg=dev service=project.env resource=MyWeb links=[SolsticeDBV2]
time=2025-06-13T18:13:24.771-07:00 level=INFO msg=subscribed service=dev addr=[::1]:63137
time=2025-06-13T18:13:24.776-07:00 level=INFO msg="matching dev" service=dev full=/Users/soleil/dev/solstice directory=""
time=2025-06-13T18:13:24.776-07:00 level=INFO msg="loading aws credentials" service=project.env resource=MyWeb role=arn:aws:iam::267224240296:role/solstice-soleil-MyWebDevServerRole-bccwkufd
time=2025-06-13T18:13:25.077-07:00 level=INFO msg=dev service=project.env resource=MyWeb links=[SolsticeDBV2]
time=2025-06-13T18:13:25.308-07:00 level=INFO msg=interrupted
time=2025-06-13T18:13:25.308-07:00 level=INFO msg=done service=dev
time=2025-06-13T18:13:25.308-07:00 level=INFO msg=done service=deployer
time=2025-06-13T18:13:25.308-07:00 level=INFO msg=done service=aws.task
time=2025-06-13T18:13:25.308-07:00 level=INFO msg=done service=watcher
time=2025-06-13T18:13:25.308-07:00 level=INFO msg="shutting down server" service=server
time=2025-06-13T18:13:25.309-07:00 level=INFO msg="server done" service=server
time=2025-06-13T18:13:25.309-07:00 level=INFO msg="done mosaic" err=<nil>
time=2025-06-13T18:13:25.309-07:00 level=INFO msg="INFO connection closed service=appsync.connection"
time=2025-06-13T18:13:25.309-07:00 level=INFO msg="killing process" pid=48896
time=2025-06-13T18:13:25.309-07:00 level=INFO msg="killing process" pid=48846
time=2025-06-13T18:13:25.309-07:00 level=INFO msg="killing process" pid=48897
time=2025-06-13T18:13:25.309-07:00 level=INFO msg="killing process" pid=48845
time=2025-06-13T18:13:25.465-07:00 level=INFO msg="process killed with term" pid=48897
time=2025-06-13T18:13:25.465-07:00 level=INFO msg="untracked process" pid=48897
time=2025-06-13T18:13:25.489-07:00 level=INFO msg="process killed with term" pid=48846
time=2025-06-13T18:13:25.489-07:00 level=INFO msg="untracked process" pid=48846
time=2025-06-13T18:13:25.543-07:00 level=INFO msg="process killed with term" pid=48896
time=2025-06-13T18:13:25.554-07:00 level=INFO msg="untracked process" pid=48896
time=2025-06-13T18:13:25.637-07:00 level=INFO msg="process killed with term" pid=48845
time=2025-06-13T18:13:25.637-07:00 level=INFO msg="untracked process" pid=48845
